[2013-04-06 15:45:07] START
[2013-04-06 15:45:14] CREATE tables.py: 0
[2013-04-06 15:47:15] EDIT OpenStudio_web/models/db.py: 0
[2013-04-06 15:47:29] EDIT OpenStudio_web/models/db.py: 0
[2013-04-06 15:48:48] EDIT OpenStudio_web/models/db.py: 0
[2013-04-06 19:20:17] EDIT OpenStudio_web/models/tables.py: 5
[2013-04-06 19:20:37] EDIT OpenStudio_web/models/tables.py: 0
[2013-04-06 19:20:40] EDIT OpenStudio_web/models/tables.py: 0
[2013-04-06 19:20:44] EDIT OpenStudio_web/models/tables.py: 0
[2013-04-06 19:20:46] EDIT OpenStudio_web/models/tables.py: 0
[2013-04-06 19:20:54] EDIT OpenStudio_web/models/tables.py: 0
[2013-04-06 19:21:03] EDIT OpenStudio_web/models/tables.py: 0
[2013-04-06 19:27:03] EDIT OpenStudio_web/models/tables.py: 0
[2013-04-06 19:27:33] EDIT OpenStudio_web/models/tables.py: 0
[2013-04-06 19:28:15] EDIT OpenStudio_web/models/tables.py: 1
[2013-04-06 19:28:40] EDIT OpenStudio_web/models/tables.py: 0
[2013-04-06 19:29:17] EDIT OpenStudio_web/models/tables.py: 0
[2013-04-06 19:29:52] EDIT OpenStudio_web/models/tables.py: 0
[2013-04-06 19:30:39] EDIT OpenStudio_web/models/tables.py: 0
[2013-04-06 19:41:05] EDIT OpenStudio_web/models/db.py: 0
[2013-04-06 19:47:40] EDIT OpenStudio_web/models/db.py: 0
[2013-04-06 19:48:13] EDIT OpenStudio_web/models/db.py: 0
[2013-04-07 11:15:15] CREATE classtypes.py: 0
[2013-04-07 11:17:06] EDIT OpenStudio_web/controllers/classtypes.py: 12
[2013-04-07 11:17:45] CREATE default/classtypes.html: 0
[2013-04-07 11:18:00] EDIT OpenStudio_web/views/default/classtypes.html: 0
[2013-04-07 11:19:34] EDIT OpenStudio_web/views/default/index.html: -19
[2013-04-07 11:19:55] EDIT OpenStudio_web/controllers/classtypes.py: 0
[2013-04-07 11:20:33] EDIT OpenStudio_web/views/default/index.html: 0
[2013-04-07 11:23:05] EDIT OpenStudio_web/views/default/index.html: 0
[2013-04-07 11:26:09] EDIT OpenStudio_web/views/default/index.html: 0
[2013-04-07 11:26:49] CREATE classtypes/classtypes.html: 0
[2013-04-07 11:27:23] EDIT OpenStudio_web/views/classtypes/classtypes.html: 0
[2013-04-07 11:27:28] DELETE OpenStudio_web/views/default/classtypes.html: -3
[2013-04-07 11:28:22] EDIT OpenStudio_web/controllers/classtypes.py: 1
[2013-04-07 11:31:49] EDIT OpenStudio_web/views/default/index.html: 0
[2013-04-07 11:32:02] EDIT OpenStudio_web/views/default/index.html: 0
[2013-04-22 11:24:24] EDIT OpenStudio_web/views/default/index.html: 0
[2013-05-03 15:38:14] EDIT OpenStudio_web/controllers/classtypes.py: 3
[2013-05-03 15:40:22] DELETE OpenStudio_web/views/classtypes/classtypes.html: -3
[2013-05-03 15:57:39] EDIT OpenStudio_web/controllers/classtypes.py: 0
[2013-05-03 15:57:42] EDIT OpenStudio_web/controllers/classtypes.py: 0
[2013-05-03 15:58:26] EDIT OpenStudio_web/controllers/classtypes.py: 0
[2013-05-03 15:58:38] EDIT OpenStudio_web/controllers/classtypes.py: 0
[2013-05-03 17:43:22] EDIT OpenStudio_web/models/tables.py: 0
[2013-05-03 17:44:34] EDIT OpenStudio_web/controllers/classtypes.py: 1
[2013-05-03 17:45:17] EDIT OpenStudio_web/models/tables.py: 0
[2013-05-03 17:45:17] EDIT OpenStudio_web/models/tables.py: 0
[2013-05-03 17:45:58] EDIT OpenStudio_web/models/tables.py: 0
[2013-05-03 17:46:18] EDIT OpenStudio_web/models/tables.py: 0
[2013-05-03 17:47:09] EDIT OpenStudio_web/models/tables.py: 0
[2013-05-03 17:47:39] EDIT OpenStudio_web/models/tables.py: 0
[2013-05-03 17:48:03] EDIT OpenStudio_web/controllers/classtypes.py: 1
[2013-05-03 17:48:14] EDIT OpenStudio_web/models/tables.py: 0
[2013-05-03 17:48:38] EDIT OpenStudio_web/controllers/classtypes.py: 1
[2013-05-03 17:48:55] EDIT OpenStudio_web/controllers/classtypes.py: 0
[2013-05-03 17:50:01] EDIT OpenStudio_web/controllers/classtypes.py: 0
[2013-05-03 17:50:27] EDIT OpenStudio_web/models/tables.py: 0
[2013-05-03 17:50:28] EDIT OpenStudio_web/models/tables.py: 0
[2013-05-03 17:58:55] EDIT OpenStudio_web/controllers/classtypes.py: 0
[2013-05-04 11:25:46] EDIT OpenStudio_web/models/tables.py: 9
[2013-05-04 11:25:59] EDIT OpenStudio_web/models/tables.py: -2
[2013-05-04 11:26:37] EDIT OpenStudio_web/models/tables.py: 134
[2013-05-04 11:27:20] EDIT OpenStudio_web/models/tables.py: -11
[2013-05-04 11:29:08] EDIT OpenStudio_web/models/tables.py: -19
[2013-05-04 11:30:04] EDIT OpenStudio_web/models/tables.py: 0
[2013-05-04 11:30:20] EDIT OpenStudio_web/models/tables.py: 0
[2013-05-05 12:27:42] CREATE teachers.py: 0
[2013-05-05 12:28:43] EDIT OpenStudio_web/controllers/teachers.py: 4
[2013-05-05 12:28:49] EDIT OpenStudio_web/controllers/teachers.py: 0
[2013-05-05 12:32:57] EDIT OpenStudio_web/models/tables.py: 6
[2013-05-05 12:33:23] EDIT OpenStudio_web/models/tables.py: 0
[2013-05-05 12:33:42] EDIT OpenStudio_web/controllers/teachers.py: 5
[2013-05-05 12:35:30] EDIT OpenStudio_web/models/tables.py: 0
[2013-05-05 12:35:34] EDIT OpenStudio_web/models/tables.py: 0
[2013-05-05 12:35:54] EDIT OpenStudio_web/models/tables.py: 0
[2013-05-05 12:36:51] EDIT OpenStudio_web/models/tables.py: 0
[2013-05-05 12:36:57] EDIT OpenStudio_web/models/tables.py: 0
[2013-05-05 12:37:13] EDIT OpenStudio_web/models/tables.py: 0
[2013-05-05 12:42:40] EDIT OpenStudio_web/models/tables.py: 0
[2013-05-05 12:52:54] EDIT OpenStudio_web/controllers/teachers.py: 2
[2013-05-05 12:52:58] EDIT OpenStudio_web/controllers/teachers.py: 1
[2013-05-05 12:53:02] EDIT OpenStudio_web/controllers/teachers.py: 0
[2013-05-05 12:53:12] EDIT OpenStudio_web/controllers/teachers.py: 0
[2013-05-05 12:53:40] EDIT OpenStudio_web/controllers/teachers.py: 0
[2013-05-05 12:54:49] EDIT OpenStudio_web/controllers/teachers.py: 0
[2013-05-05 13:03:12] EDIT OpenStudio_web/controllers/teachers.py: 1
[2013-05-05 13:03:36] EDIT OpenStudio_web/controllers/teachers.py: 0
[2013-05-05 13:03:55] EDIT OpenStudio_web/controllers/teachers.py: 0
[2013-05-05 13:04:29] EDIT OpenStudio_web/controllers/teachers.py: 0
[2013-05-05 13:09:36] EDIT OpenStudio_web/controllers/teachers.py: 4
[2013-05-05 13:10:17] EDIT OpenStudio_web/controllers/teachers.py: 1
[2013-05-05 13:10:33] EDIT OpenStudio_web/controllers/teachers.py: 0
[2013-05-05 13:11:13] EDIT OpenStudio_web/controllers/teachers.py: 1
[2013-05-05 13:11:58] EDIT OpenStudio_web/controllers/teachers.py: 1
[2013-05-05 13:12:15] EDIT OpenStudio_web/controllers/teachers.py: 1
[2013-05-05 13:12:37] EDIT OpenStudio_web/controllers/teachers.py: 0
[2013-05-05 13:12:57] EDIT OpenStudio_web/controllers/teachers.py: 0
[2013-05-05 13:13:22] EDIT OpenStudio_web/controllers/teachers.py: 0
[2013-05-05 13:13:42] EDIT OpenStudio_web/controllers/teachers.py: 0
[2013-05-05 13:36:37] EDIT OpenStudio_web/controllers/teachers.py: 1
[2013-05-05 13:44:44] CREATE teachers/teachers_edit_classtypes.html: 0
[2013-05-05 13:44:54] EDIT OpenStudio_web/views/teachers/teachers_edit_classtypes.html: 4
[2013-05-05 13:45:14] DELETE OpenStudio_web/views/teachers/teachers_edit_classtypes.html: -7
[2013-05-05 13:45:23] CREATE teachers/teacher_edit_classtypes.html: 0
[2013-05-05 13:45:56] DELETE OpenStudio_web/views/teachers/teacher_edit_classtypes.html: -3
[2013-05-05 13:46:03] CREATE teachers/edit_teacher_classtypes_.html: 0
[2013-05-05 13:46:14] EDIT OpenStudio_web/views/teachers/edit_teacher_classtypes_.html: 4
[2013-05-05 13:48:56] EDIT OpenStudio_web/views/teachers/edit_teacher_classtypes.html: 1
[2013-05-05 13:49:14] EDIT OpenStudio_web/views/teachers/edit_teacher_classtypes.html: 0
[2013-05-05 13:49:20] EDIT OpenStudio_web/views/teachers/edit_teacher_classtypes.html: 0
[2013-05-05 13:49:22] EDIT OpenStudio_web/views/teachers/edit_teacher_classtypes.html: 0
[2013-05-05 13:49:47] EDIT OpenStudio_web/views/teachers/edit_teacher_classtypes.html: 0
[2013-05-05 13:49:52] EDIT OpenStudio_web/views/teachers/edit_teacher_classtypes.html: 0
[2013-05-05 13:50:16] EDIT OpenStudio_web/views/teachers/edit_teacher_classtypes.html: 3
[2013-05-05 13:50:46] EDIT OpenStudio_web/controllers/teachers.py: -2
[2013-05-05 13:51:13] EDIT OpenStudio_web/views/teachers/edit_teacher_classtypes.html: 0
[2013-05-05 13:51:38] EDIT OpenStudio_web/views/teachers/edit_teacher_classtypes.html: 1
[2013-05-05 13:51:58] EDIT OpenStudio_web/views/teachers/edit_teacher_classtypes.html: 0
[2013-05-05 15:17:02] EDIT OpenStudio_web/controllers/teachers.py: 3
[2013-05-05 15:17:11] EDIT OpenStudio_web/controllers/teachers.py: 0
[2013-05-05 15:17:59] EDIT OpenStudio_web/controllers/teachers.py: 0
[2013-05-05 15:18:05] EDIT OpenStudio_web/controllers/teachers.py: 0
[2013-05-05 15:22:10] EDIT OpenStudio_web/controllers/teachers.py: 0
[2013-05-05 15:23:02] EDIT OpenStudio_web/controllers/teachers.py: 0
[2013-05-05 15:26:54] EDIT OpenStudio_web/controllers/teachers.py: 0
[2013-05-05 15:27:15] EDIT OpenStudio_web/controllers/teachers.py: 0
[2013-05-05 15:31:35] EDIT OpenStudio_web/views/teachers/edit_teacher_classtypes.html: 0
[2013-05-05 15:32:01] EDIT OpenStudio_web/views/teachers/edit_teacher_classtypes.html: 0
[2013-05-05 15:32:54] EDIT OpenStudio_web/controllers/teachers.py: 0
[2013-05-05 15:33:10] EDIT OpenStudio_web/controllers/teachers.py: 0
[2013-05-05 15:33:12] EDIT OpenStudio_web/controllers/teachers.py: 0
[2013-05-05 15:33:27] EDIT OpenStudio_web/controllers/teachers.py: 0
[2013-05-05 15:39:31] EDIT OpenStudio_web/controllers/teachers.py: 0
[2013-05-05 15:40:11] EDIT OpenStudio_web/controllers/teachers.py: 0
[2013-05-05 15:40:47] EDIT OpenStudio_web/controllers/teachers.py: 0
[2013-05-05 15:41:53] EDIT OpenStudio_web/controllers/teachers.py: 0
[2013-05-05 15:44:45] EDIT OpenStudio_web/controllers/teachers.py: 0
[2013-05-05 15:45:05] EDIT OpenStudio_web/controllers/teachers.py: 0
[2013-05-05 15:45:39] EDIT OpenStudio_web/controllers/teachers.py: 0
[2013-05-05 15:45:53] EDIT OpenStudio_web/views/teachers/edit_teacher_classtypes.html: -9
[2013-05-05 15:45:59] EDIT OpenStudio_web/controllers/teachers.py: 0
[2013-05-05 15:46:45] EDIT OpenStudio_web/controllers/teachers.py: 0
[2013-05-05 15:47:17] EDIT OpenStudio_web/controllers/teachers.py: 0
[2013-05-05 15:47:51] EDIT OpenStudio_web/controllers/teachers.py: 0
[2013-05-06 10:24:07] EDIT OpenStudio_web/controllers/teachers.py: 1
[2013-05-06 10:24:58] EDIT OpenStudio_web/controllers/teachers.py: 4
[2013-05-06 10:25:30] EDIT OpenStudio_web/controllers/teachers.py: 0
[2013-05-06 10:26:16] EDIT OpenStudio_web/controllers/teachers.py: 0
[2013-05-06 10:26:27] EDIT OpenStudio_web/controllers/teachers.py: 0
[2013-05-06 10:44:16] EDIT OpenStudio_web/views/teachers/edit_teacher_classtypes.html: 0
[2013-05-06 10:44:22] EDIT OpenStudio_web/views/teachers/edit_teacher_classtypes.html: 0
[2013-05-06 10:44:47] EDIT OpenStudio_web/views/teachers/edit_teacher_classtypes.html: 1
[2013-05-06 10:46:24] EDIT OpenStudio_web/views/teachers/edit_teacher_classtypes.html: -1
[2013-05-06 12:58:09] EDIT OpenStudio_web/controllers/teachers.py: 0
[2013-05-06 12:58:37] CREATE teachers/list_teachers_assignment.html: 0
[2013-05-06 12:58:57] EDIT OpenStudio_web/views/teachers/list_teachers_assignment.html: 0
[2013-05-06 12:59:11] EDIT OpenStudio_web/views/teachers/list_teachers_assignment.html: 0
[2013-05-06 12:59:39] EDIT OpenStudio_web/views/teachers/list_teachers_assignment.html: 2
[2013-05-06 12:59:46] EDIT OpenStudio_web/views/teachers/list_teachers_assignment.html: 1
[2013-05-06 13:02:08] EDIT OpenStudio_web/models/menu.py: 11
[2013-05-06 13:02:14] EDIT OpenStudio_web/models/menu.py: -1
[2013-05-06 13:02:18] EDIT OpenStudio_web/models/menu.py: 0
[2013-05-06 13:02:29] EDIT OpenStudio_web/models/menu.py: 1
[2013-05-06 13:02:30] EDIT OpenStudio_web/models/menu.py: 0
[2013-05-06 13:02:52] EDIT OpenStudio_web/models/menu.py: 0
[2013-05-06 13:03:05] EDIT OpenStudio_web/models/menu.py: 0
[2013-05-06 13:04:35] EDIT OpenStudio_web/models/menu.py: -5
[2013-05-06 13:04:54] EDIT OpenStudio_web/models/menu.py: 0
[2013-05-06 13:05:28] EDIT OpenStudio_web/models/menu.py: 0
[2013-05-06 13:05:58] EDIT OpenStudio_web/models/menu.py: 0
[2013-05-06 13:07:15] EDIT OpenStudio_web/models/menu.py: 3
[2013-05-06 13:07:16] EDIT OpenStudio_web/models/menu.py: 0
[2013-05-06 13:08:16] EDIT OpenStudio_web/models/menu.py: 5
[2013-05-06 13:09:01] EDIT OpenStudio_web/models/menu.py: 0
[2013-05-06 13:09:05] EDIT OpenStudio_web/models/menu.py: 0
[2013-05-06 13:09:38] EDIT OpenStudio_web/models/menu.py: 1
[2013-05-06 13:10:08] EDIT OpenStudio_web/views/teachers/list_teachers_assignment.html: 1
[2013-05-06 13:10:33] EDIT OpenStudio_web/models/menu.py: 0
[2013-05-06 13:12:16] EDIT OpenStudio_web/models/menu.py: 0
[2013-05-06 13:13:13] EDIT OpenStudio_web/controllers/school_properties.py: 1
[2013-05-08 12:45:09] CREATE classes/schedule.html: 0
[2013-05-08 12:45:18] EDIT OpenStudio_web/views/classes/schedule.html: 2
[2013-05-08 12:47:04] EDIT OpenStudio_web/views/classes/schedule.html: 0
[2013-05-08 12:47:16] EDIT OpenStudio_web/views/classes/schedule.html: 0
[2013-05-08 12:47:21] EDIT OpenStudio_web/views/classes/schedule.html: 0
[2013-05-08 12:47:54] EDIT OpenStudio_web/views/classes/schedule.html: 1
[2013-05-08 12:48:00] EDIT OpenStudio_web/views/classes/schedule.html: 0
[2013-05-08 13:05:23] EDIT OpenStudio_web/views/classes/schedule.html: 17
[2013-05-08 13:05:59] EDIT OpenStudio_web/views/classes/schedule.html: 0
[2013-05-08 13:06:10] EDIT OpenStudio_web/views/classes/schedule.html: 0
[2013-05-08 13:06:25] EDIT OpenStudio_web/views/classes/schedule.html: 0
[2013-05-08 13:06:33] EDIT OpenStudio_web/views/classes/schedule.html: 0
[2013-05-08 13:06:35] EDIT OpenStudio_web/views/classes/schedule.html: 0
[2013-05-08 13:06:43] EDIT OpenStudio_web/views/classes/schedule.html: 0
[2013-05-08 13:07:24] EDIT OpenStudio_web/views/classes/schedule.html: 0
[2013-05-08 13:08:36] EDIT OpenStudio_web/views/classes/schedule.html: -1
[2013-05-08 13:09:43] EDIT OpenStudio_web/views/classes/schedule.html: -1
[2013-05-08 13:09:52] EDIT OpenStudio_web/views/classes/schedule.html: -1
[2013-05-17 12:17:18] EDIT OpenStudio_web/controllers/customers.py: 0
[2013-05-17 12:18:19] EDIT OpenStudio_web/controllers/customers.py: 0
[2013-05-17 14:44:57] EDIT OpenStudio_web/views/default/index.html: 0
[2013-05-24 11:13:30] EDIT OpenStudio_web/views/classes/schedule.html: 0
[2013-05-24 11:13:45] EDIT OpenStudio_web/views/classes/schedule.html: 0
[2013-05-24 11:14:21] EDIT OpenStudio_web/views/classes/schedule.html: 0
[2013-05-24 11:14:23] EDIT OpenStudio_web/views/classes/schedule.html: 0
[2013-05-24 11:14:38] EDIT OpenStudio_web/views/classes/schedule.html: 0
[2013-05-24 11:14:58] EDIT OpenStudio_web/views/classes/schedule.html: 0
[2013-05-24 11:15:10] EDIT OpenStudio_web/views/classes/schedule.html: 0
[2013-05-24 11:15:46] EDIT OpenStudio_web/views/classes/schedule.html: 0
[2013-05-24 11:16:31] EDIT OpenStudio_web/views/classes/schedule.html: 0
[2013-05-24 11:16:58] EDIT OpenStudio_web/views/classes/schedule.html: 0
[2013-05-24 11:17:09] EDIT OpenStudio_web/views/classes/schedule.html: 0
[2013-05-24 11:18:11] EDIT OpenStudio_web/views/classes/schedule.html: 0
[2013-05-24 11:18:24] EDIT OpenStudio_web/views/classes/schedule.html: 0
[2013-05-24 11:18:38] EDIT OpenStudio_web/views/classes/schedule.html: 0
[2013-05-24 11:18:47] EDIT OpenStudio_web/views/classes/schedule.html: 0
[2013-05-24 11:19:11] EDIT OpenStudio_web/views/classes/schedule.html: 0
[2013-05-24 11:36:49] EDIT OpenStudio_web/views/classes/schedule.html: 9
[2013-05-24 11:36:56] EDIT OpenStudio_web/views/classes/schedule.html: -6
[2013-05-24 11:37:07] EDIT OpenStudio_web/views/default/index.html: 0
[2013-05-24 11:37:24] EDIT OpenStudio_web/views/classes/schedule.html: 0
[2013-05-24 11:37:34] EDIT OpenStudio_web/views/classes/schedule.html: 0
[2013-05-24 11:37:55] EDIT OpenStudio_web/views/classes/schedule.html: 1
[2013-05-24 11:38:01] EDIT OpenStudio_web/views/classes/schedule.html: 0
[2013-05-24 11:38:31] EDIT OpenStudio_web/views/classes/schedule.html: 0
[2013-05-24 11:38:49] EDIT OpenStudio_web/views/classes/schedule.html: 0
[2013-05-24 11:41:37] EDIT OpenStudio_web/views/classes/schedule.html: -1
[2013-05-24 11:42:53] EDIT OpenStudio_web/views/classes/schedule.html: 1
[2013-05-24 11:43:58] EDIT OpenStudio_web/views/classes/schedule.html: 1
[2013-05-24 11:44:32] EDIT OpenStudio_web/views/classes/schedule.html: -1
[2013-05-24 11:53:45] EDIT OpenStudio_web/views/classes/schedule.html: 0
[2013-05-24 11:54:43] EDIT OpenStudio_web/views/classes/schedule.html: 0
[2013-05-24 11:54:58] EDIT OpenStudio_web/views/classes/schedule.html: 0
[2013-05-24 11:55:11] EDIT OpenStudio_web/views/classes/schedule.html: 0
[2013-05-24 12:03:30] EDIT OpenStudio_web/views/classes/schedule.html: 0
[2013-05-24 12:03:44] EDIT OpenStudio_web/views/classes/schedule.html: 1
[2013-05-24 12:03:48] EDIT OpenStudio_web/views/classes/schedule.html: -1
[2013-05-24 12:03:50] EDIT OpenStudio_web/views/classes/schedule.html: 1
[2013-05-24 12:04:14] EDIT OpenStudio_web/views/classes/schedule.html: 0
[2013-05-24 12:04:15] EDIT OpenStudio_web/views/classes/schedule.html: -1
[2013-05-24 12:09:19] CREATE classes/class_details.html: 0
[2013-05-24 12:10:02] EDIT OpenStudio_web/views/classes/class_details.html: 5
[2013-05-24 12:10:12] EDIT OpenStudio_web/views/classes/class_details.html: -1
[2013-05-24 12:18:41] EDIT OpenStudio_web/views/default/index.html: 0
[2013-05-29 15:32:56] CREATE classes/register_list.html: 0
[2013-05-29 15:34:12] EDIT OpenStudio_web/views/classes/register_list.html: 4
[2013-05-29 15:35:01] EDIT OpenStudio_web/views/classes/register_list.html: -1
[2013-05-29 15:35:50] EDIT OpenStudio_web/views/classes/register_list.html: 0
[2013-05-29 15:36:40] EDIT OpenStudio_web/views/classes/register_list.html: 0
[2013-05-29 15:40:39] EDIT OpenStudio_web/views/classes/register_list.html: 1
[2013-05-29 16:01:17] EDIT OpenStudio_web/views/classes/register_list.html: 2
[2013-05-29 16:01:30] EDIT OpenStudio_web/views/classes/register_list.html: 0
[2013-05-30 12:16:47] EDIT OpenStudio_web/views/classes/register_list.html: 1
[2013-05-30 12:32:25] EDIT OpenStudio_web/views/classes/class_details.html: 1
[2013-05-30 12:37:27] EDIT OpenStudio_web/views/classes/schedule.html: 1
[2013-05-30 12:40:53] EDIT OpenStudio_web/views/classes/schedule.html: 1
[2013-05-30 12:48:04] EDIT OpenStudio_web/views/classes/schedule.html: 0
[2013-05-30 12:48:12] EDIT OpenStudio_web/views/classes/schedule.html: 1
[2013-05-30 12:48:22] EDIT OpenStudio_web/views/classes/schedule.html: 0
[2013-05-30 12:55:56] EDIT OpenStudio_web/views/classes/schedule.html: 0
[2013-05-30 12:56:29] EDIT OpenStudio_web/views/classes/schedule.html: 0
[2013-05-30 12:56:45] EDIT OpenStudio_web/views/classes/schedule.html: 0
[2013-05-30 13:03:35] EDIT OpenStudio_web/views/classes/schedule.html: 0
[2013-05-30 13:03:52] EDIT OpenStudio_web/views/classes/schedule.html: -1
[2013-05-30 16:27:25] EDIT OpenStudio_web/views/classes/schedule.html: 2
[2013-05-30 16:29:22] EDIT OpenStudio_web/views/classes/schedule.html: 0
[2013-05-30 16:31:20] EDIT OpenStudio_web/views/classes/schedule.html: -18
[2013-05-30 16:33:24] EDIT OpenStudio_web/views/classes/schedule.html: 0
[2013-05-30 16:35:39] EDIT OpenStudio_web/views/classes/schedule.html: 2
[2013-05-30 18:34:31] EDIT OpenStudio_web/views/classes/schedule.html: 8
[2013-05-30 18:59:28] EDIT OpenStudio_web/views/classes/schedule.html: 1
[2013-05-30 19:07:48] EDIT OpenStudio_web/views/classes/schedule.html: 0
[2013-05-30 19:07:52] EDIT OpenStudio_web/views/classes/schedule.html: 0
[2013-05-30 19:07:53] EDIT OpenStudio_web/views/classes/schedule.html: 0
[2013-05-30 19:12:42] EDIT OpenStudio_web/views/classes/schedule.html: 0
[2013-05-30 19:14:55] EDIT OpenStudio_web/views/classes/schedule.html: 1
[2013-05-30 19:15:12] EDIT OpenStudio_web/views/classes/schedule.html: 0
[2013-05-30 19:15:58] EDIT OpenStudio_web/views/classes/schedule.html: 0
[2013-05-30 19:17:05] EDIT OpenStudio_web/views/classes/schedule.html: 1
[2013-05-30 19:17:14] EDIT OpenStudio_web/views/classes/schedule.html: 0
[2013-05-30 19:17:24] EDIT OpenStudio_web/views/classes/schedule.html: 1
[2013-05-30 19:17:33] EDIT OpenStudio_web/views/classes/schedule.html: 1
[2013-05-31 12:12:31] EDIT OpenStudio_web/views/classes/class_details.html: 2
[2013-05-31 12:12:53] EDIT OpenStudio_web/views/classes/class_details.html: 0
[2013-05-31 12:13:02] EDIT OpenStudio_web/views/classes/class_details.html: 0
[2013-05-31 12:13:18] EDIT OpenStudio_web/views/classes/class_details.html: 0
[2013-05-31 12:15:17] EDIT OpenStudio_web/views/classes/class_details.html: 2
[2013-05-31 12:15:24] EDIT OpenStudio_web/views/classes/class_details.html: 0
[2013-05-31 12:15:53] EDIT OpenStudio_web/views/classes/class_details.html: 0
[2013-05-31 12:28:09] EDIT OpenStudio_web/views/classes/class_details.html: 0
[2013-05-31 12:28:33] EDIT OpenStudio_web/views/classes/class_details.html: 0
[2013-05-31 12:29:32] EDIT OpenStudio_web/views/classes/class_details.html: 1
[2013-05-31 12:29:40] EDIT OpenStudio_web/views/classes/class_details.html: 0
[2013-05-31 12:29:52] EDIT OpenStudio_web/views/classes/class_details.html: 0
[2013-05-31 12:30:00] EDIT OpenStudio_web/views/classes/class_details.html: -1
[2013-05-31 12:32:22] EDIT OpenStudio_web/views/classes/register_customers.html: -2
[2013-05-31 12:35:27] EDIT OpenStudio_web/views/classes/class_details.html: 0
[2013-05-31 12:35:57] EDIT OpenStudio_web/views/classes/class_details.html: 0
[2013-05-31 12:36:24] EDIT OpenStudio_web/views/classes/class_details.html: 0
[2013-06-01 12:22:46] EDIT OpenStudio_web/views/classes/class_details.html: 1
[2013-06-01 12:25:35] EDIT OpenStudio_web/views/classes/class_details.html: 0
[2013-06-04 15:35:44] EDIT OpenStudio_web/views/classes/class_details.html: 0
[2013-06-04 15:39:24] EDIT OpenStudio_web/views/classes/class_details.html: 0
[2013-06-04 15:39:29] EDIT OpenStudio_web/views/classes/class_details.html: 0
[2013-06-04 15:42:08] EDIT OpenStudio_web/views/classes/class_details.html: 0
[2013-06-04 15:45:12] EDIT OpenStudio_web/views/classes/class_details.html: 0
[2013-06-04 15:45:48] EDIT OpenStudio_web/views/classes/class_details.html: 0
[2013-06-04 15:46:17] EDIT OpenStudio_web/views/classes/class_details.html: 0
[2013-06-04 15:46:20] EDIT OpenStudio_web/views/classes/class_details.html: 0
[2013-06-04 15:48:48] EDIT OpenStudio_web/views/classes/class_details.html: 0
[2013-06-04 15:49:30] EDIT OpenStudio_web/views/classes/class_details.html: -1
[2013-06-04 15:49:44] EDIT OpenStudio_web/views/classes/class_details.html: 0
[2013-06-04 16:14:22] EDIT OpenStudio_web/views/classes/schedule.html: 1
[2013-06-04 16:28:01] EDIT OpenStudio_web/views/classes/schedule.html: 0
[2013-06-04 16:37:31] EDIT OpenStudio_web/views/classes/class_details.html: 1
[2013-06-04 16:37:35] EDIT OpenStudio_web/views/classes/class_details.html: 0
[2013-06-04 16:38:38] EDIT OpenStudio_web/views/classes/class_details.html: 0
[2013-06-04 16:39:08] EDIT OpenStudio_web/views/classes/class_details.html: 1
[2013-06-04 16:40:11] EDIT OpenStudio_web/views/classes/class_details.html: 0
[2013-06-04 16:47:25] CREATE classes/manage_registration.html: 0
[2013-06-04 16:47:42] EDIT OpenStudio_web/views/classes/manage_registration.html: 1
[2013-06-04 16:47:53] EDIT OpenStudio_web/views/classes/manage_registration.html: 0
[2013-06-04 16:47:58] EDIT OpenStudio_web/views/classes/manage_registration.html: 0
[2013-06-04 16:48:31] EDIT OpenStudio_web/views/classes/manage_registration.html: 4
[2013-06-04 16:48:43] EDIT OpenStudio_web/views/classes/manage_registration.html: 1
[2013-06-04 16:50:55] EDIT OpenStudio_web/views/classes/manage_registration.html: 0
[2013-06-04 16:51:34] EDIT OpenStudio_web/views/classes/manage_registration.html: 0
[2013-06-04 16:52:20] EDIT OpenStudio_web/views/classes/manage_registration.html: -1
[2013-06-04 16:52:23] EDIT OpenStudio_web/views/classes/manage_registration.html: 0
[2013-06-04 16:52:47] EDIT OpenStudio_web/views/classes/manage_registration.html: 1
[2013-06-04 16:52:49] EDIT OpenStudio_web/views/classes/manage_registration.html: 0
[2013-06-04 16:54:00] CREATE classes/waiting_list.html: 0
[2013-06-04 16:54:10] EDIT OpenStudio_web/views/classes/waiting_list.html: 6
[2013-06-05 13:09:13] CREATE classes/attendance_list.html: 0
[2013-06-05 13:09:49] EDIT OpenStudio_web/views/classes/attendance_list.html: 6
[2013-06-05 13:18:30] CREATE customers/list_all.html: 0
[2013-06-05 13:18:36] EDIT OpenStudio_web/views/customers/list_all.html: -1
[2013-06-07 11:40:53] EDIT OpenStudio_web/views/classes/class_details.html: 1
[2013-06-07 11:47:22] EDIT OpenStudio_web/views/classes/class_details.html: 0
[2013-06-07 11:47:53] EDIT OpenStudio_web/views/classes/class_details.html: 0
[2013-06-07 11:47:59] EDIT OpenStudio_web/views/classes/class_details.html: 0
[2013-06-07 11:48:25] EDIT OpenStudio_web/views/classes/class_details.html: 0
[2013-06-07 11:48:36] EDIT OpenStudio_web/views/classes/class_details.html: 0
[2013-06-08 10:47:58] EDIT OpenStudio_web/views/classes/class_details.html: 0
[2013-06-08 10:48:10] EDIT OpenStudio_web/views/classes/class_details.html: 0
[2013-06-08 10:48:51] EDIT OpenStudio_web/views/classes/class_details.html: 0
[2013-06-08 10:49:07] EDIT OpenStudio_web/views/classes/class_details.html: 1
[2013-06-08 10:49:31] EDIT OpenStudio_web/views/classes/class_details.html: 0
[2013-06-08 10:50:38] EDIT OpenStudio_web/views/classes/class_details.html: 0
[2013-06-08 10:50:42] EDIT OpenStudio_web/views/classes/class_details.html: -1
[2013-06-08 10:54:33] EDIT OpenStudio_web/views/classes/class_details.html: 0
[2013-06-09 12:32:36] EDIT OpenStudio_web/views/customers/list_all.html: 5
[2013-06-09 12:33:33] EDIT OpenStudio_web/views/customers/list_all.html: 1
[2013-06-09 12:35:36] EDIT OpenStudio_web/views/customers/list_all.html: 0
[2013-06-09 12:36:58] EDIT OpenStudio_web/views/customers/list_all.html: -6
[2013-06-09 12:40:49] CREATE customers/payments.html: 0
[2013-06-09 12:40:59] EDIT OpenStudio_web/views/customers/payments.html: -1
[2013-06-09 12:41:53] EDIT OpenStudio_web/views/customers/payments.html: 4
[2013-06-09 12:42:43] EDIT OpenStudio_web/views/customers/payments.html: 4
[2013-06-09 12:46:09] EDIT OpenStudio_web/views/customers/payments.html: 0
[2013-06-09 13:22:46] EDIT OpenStudio_web/views/customers/payments.html: -3
[2013-06-12 11:31:57] CREATE customers/list_memberships.html: 0
[2013-06-12 11:32:29] EDIT OpenStudio_web/views/customers/list_memberships.html: 3
[2013-06-12 11:33:54] EDIT OpenStudio_web/views/customers/list_memberships.html: 0
[2013-06-12 11:37:27] EDIT OpenStudio_web/views/customers/list_memberships.html: 1
[2013-06-12 11:37:36] EDIT OpenStudio_web/views/customers/list_memberships.html: -1
[2013-06-12 11:37:51] EDIT OpenStudio_web/views/customers/list_memberships.html: 0
[2013-06-12 11:40:00] EDIT OpenStudio_web/views/classes/schedule.html: 0
[2013-06-12 11:40:13] EDIT OpenStudio_web/views/classes/schedule.html: 0
[2013-06-12 12:41:07] EDIT OpenStudio_web/views/classes/schedule.html: -1
[2013-06-12 12:42:07] EDIT OpenStudio_web/views/classes/schedule.html: 0
[2013-06-12 13:00:28] EDIT OpenStudio_web/views/customers/list_memberships.html: 2
[2013-06-12 13:01:31] EDIT OpenStudio_web/views/customers/list_memberships.html: 1
[2013-06-12 13:03:02] EDIT OpenStudio_web/views/customers/list_memberships.html: 0
[2013-06-12 13:03:03] EDIT OpenStudio_web/views/customers/list_memberships.html: 0
[2013-06-12 13:03:04] EDIT OpenStudio_web/views/customers/list_memberships.html: 0
[2013-06-12 13:03:32] EDIT OpenStudio_web/views/customers/list_memberships.html: 0
[2013-06-12 14:21:44] EDIT OpenStudio_web/views/classes/class_details.html: 1
[2013-06-14 16:16:57] EDIT OpenStudio_web/views/customers/list_memberships.html: -2
[2013-06-14 16:21:02] EDIT OpenStudio_web/views/customers/list_memberships.html: 6
[2013-06-14 16:21:16] EDIT OpenStudio_web/views/customers/list_memberships.html: 1
[2013-06-14 17:03:57] EDIT OpenStudio_web/views/customers/list_memberships.html: 0
[2013-06-14 17:06:36] EDIT OpenStudio_web/views/customers/list_memberships.html: 0
[2013-06-14 17:06:54] EDIT OpenStudio_web/views/customers/list_memberships.html: 0
[2013-06-14 17:35:35] EDIT OpenStudio_web/views/customers/list_memberships.html: 1
[2013-06-14 17:35:59] EDIT OpenStudio_web/views/customers/list_memberships.html: -1
[2013-06-14 17:46:25] EDIT OpenStudio_web/views/customers/list_memberships.html: 1
[2013-06-14 17:46:52] EDIT OpenStudio_web/views/customers/list_memberships.html: 0
[2013-06-14 19:47:09] EDIT OpenStudio_web/views/customers/list_memberships.html: -1
[2013-06-15 11:38:54] DELETE OpenStudio_web/views/customers/list_memberships.html.1: -4
[2013-06-15 11:39:15] EDIT OpenStudio_web/views/customers/list_memberships.html: 1
[2013-06-15 11:49:44] EDIT OpenStudio_web/views/customers/list_memberships.html: -1
[2013-06-15 11:58:37] EDIT OpenStudio_web/views/customers/list_memberships.html: 0
[2013-06-15 12:04:34] EDIT OpenStudio_web/views/customers/list_memberships.html: 1
[2013-06-15 12:08:09] EDIT OpenStudio_web/views/customers/list_memberships.html: 0
[2013-06-15 12:08:22] EDIT OpenStudio_web/views/customers/list_memberships.html: 0
[2013-06-15 12:08:30] EDIT OpenStudio_web/views/customers/list_memberships.html: 0
[2013-06-17 09:50:52] EDIT OpenStudio_web/controllers/default.py: -7
[2013-06-17 09:51:35] EDIT OpenStudio_web/views/default/index.html: 1
[2013-06-17 09:53:15] EDIT OpenStudio_web/views/default/index.html: 1
[2013-06-17 09:53:33] EDIT OpenStudio_web/views/default/index.html: 0
[2013-06-17 09:53:42] EDIT OpenStudio_web/views/default/index.html: 0
[2013-06-17 09:59:49] EDIT OpenStudio_web/views/default/index.html: -1
[2013-06-17 11:08:21] CREATE default/new_memberships.html: 0
[2013-06-17 11:08:27] EDIT OpenStudio_web/views/default/new_memberships.html: 0
[2013-06-17 11:10:14] EDIT OpenStudio_web/views/default/new_memberships.html: 0
[2013-06-17 11:10:43] EDIT OpenStudio_web/views/default/new_memberships.html: 0
[2013-06-17 11:12:06] EDIT OpenStudio_web/views/default/new_memberships.html: 0
[2013-06-17 11:13:52] EDIT OpenStudio_web/views/default/new_memberships.html: 0
[2013-06-17 11:18:17] EDIT OpenStudio_web/views/default/index.html: -1
[2013-06-17 11:19:53] EDIT OpenStudio_web/views/default/new_memberships.html: 0
[2013-06-17 11:20:07] EDIT OpenStudio_web/views/default/new_memberships.html: 0
[2013-06-17 11:24:14] EDIT OpenStudio_web/views/default/new_memberships.html: -1
[2013-06-17 11:28:39] EDIT OpenStudio_web/views/default/new_memberships.html: 0
[2013-06-17 11:30:39] EDIT OpenStudio_web/views/default/memberships.html: 0
[2013-06-17 11:51:46] EDIT OpenStudio_web/views/default/memberships.html: 2
[2013-06-17 11:57:57] EDIT OpenStudio_web/views/default/memberships.html: 2
[2013-06-17 12:10:24] EDIT OpenStudio_web/views/default/memberships.html: 3
[2013-06-17 14:04:05] EDIT OpenStudio_web/views/default/memberships.html: 2
[2013-06-17 14:08:02] EDIT OpenStudio_web/views/default/memberships.html: -4
[2013-06-17 14:15:29] EDIT OpenStudio_web/views/default/memberships.html: 5
[2013-06-17 14:36:00] EDIT OpenStudio_web/views/default/memberships.html: 0
[2013-06-18 12:04:03] EDIT OpenStudio_web/views/default/memberships.html: 0
[2013-06-18 12:04:21] EDIT OpenStudio_web/views/default/memberships.html: 0
[2013-06-18 12:05:00] EDIT OpenStudio_web/views/default/memberships.html: 0
[2013-06-18 12:05:07] EDIT OpenStudio_web/views/default/memberships.html: 0
[2013-06-18 12:07:08] EDIT OpenStudio_web/views/default/memberships.html: 0
[2013-06-18 12:07:15] EDIT OpenStudio_web/views/default/memberships.html: 0
[2013-06-18 12:07:33] EDIT OpenStudio_web/views/default/memberships.html: 0
[2013-06-18 12:08:25] EDIT OpenStudio_web/views/default/memberships.html: 0
[2013-06-18 12:10:17] EDIT OpenStudio_web/views/default/memberships.html: -1
[2013-06-18 12:10:47] EDIT OpenStudio_web/views/default/memberships.html: 1
[2013-06-18 12:11:23] EDIT OpenStudio_web/views/default/memberships.html: 0
[2013-06-18 12:11:36] EDIT OpenStudio_web/views/default/memberships.html: 0
[2013-06-18 12:11:43] EDIT OpenStudio_web/views/default/memberships.html: 0
[2013-06-18 12:11:55] EDIT OpenStudio_web/views/default/memberships.html: 0
[2013-06-18 12:12:23] EDIT OpenStudio_web/views/default/memberships.html: 0
[2013-06-18 12:12:36] EDIT OpenStudio_web/views/default/memberships.html: 0
[2013-06-18 12:12:50] EDIT OpenStudio_web/views/default/memberships.html: 0
[2013-06-18 12:13:03] EDIT OpenStudio_web/views/default/memberships.html: 0
[2013-06-18 12:14:44] EDIT OpenStudio_web/views/default/memberships.html: 0
[2013-06-18 12:14:59] EDIT OpenStudio_web/views/default/memberships.html: 0
[2013-06-18 12:15:06] EDIT OpenStudio_web/views/default/memberships.html: 1
[2013-06-18 12:15:25] EDIT OpenStudio_web/views/default/memberships.html: 0
[2013-06-18 12:15:49] EDIT OpenStudio_web/views/default/memberships.html: -1
[2013-06-18 12:16:18] EDIT OpenStudio_web/views/default/memberships.html: 0
[2013-06-18 12:16:22] EDIT OpenStudio_web/views/default/memberships.html: 0
[2013-06-18 12:16:32] EDIT OpenStudio_web/views/default/memberships.html: 0
[2013-06-18 12:16:35] EDIT OpenStudio_web/views/default/memberships.html: 0
[2013-06-18 12:16:59] EDIT OpenStudio_web/views/default/memberships.html: 0
[2013-06-18 12:34:37] EDIT OpenStudio_web/views/default/index.html: 1
[2013-06-18 13:02:46] EDIT OpenStudio_web/views/default/index.html: 1
[2013-06-18 13:06:58] EDIT OpenStudio_web/views/default/index.html: -8
[2013-06-18 13:07:02] EDIT OpenStudio_web/views/default/index.html: -1
[2013-06-18 13:07:38] EDIT OpenStudio_web/views/default/index.html: 0
[2013-06-18 13:07:44] EDIT OpenStudio_web/views/default/index.html: 0
[2013-06-18 13:08:06] EDIT OpenStudio_web/views/default/index.html: 0
[2013-06-18 13:08:44] EDIT OpenStudio_web/views/default/index.html: 1
[2013-06-18 13:10:59] EDIT OpenStudio_web/views/default/memberships.html: 0
[2013-06-18 13:11:29] EDIT OpenStudio_web/views/default/memberships.html: 0
[2013-06-18 13:11:53] EDIT OpenStudio_web/views/default/memberships.html: 0
[2013-06-18 13:16:24] EDIT OpenStudio_web/views/default/memberships.html: 0
[2013-06-18 13:20:16] EDIT OpenStudio_web/views/default/index.html: -2
[2013-06-18 13:20:26] EDIT OpenStudio_web/views/default/index.html: 0
[2013-06-18 13:22:07] EDIT OpenStudio_web/views/default/memberships.html: 2
[2013-06-18 13:22:09] EDIT OpenStudio_web/views/default/memberships.html: 0
[2013-06-18 13:22:12] EDIT OpenStudio_web/views/default/index.html: 0
[2013-06-18 13:27:48] CREATE default/trialclasses.html: 0
[2013-06-18 13:28:27] EDIT OpenStudio_web/views/default/trialclasses.html: 7
[2013-06-18 13:28:56] EDIT OpenStudio_web/views/default/trialclasses.html: 0
[2013-06-18 13:29:08] EDIT OpenStudio_web/views/default/trialclasses.html: 0
[2013-06-18 13:29:37] EDIT OpenStudio_web/views/default/trialclasses.html: 0
[2013-06-18 13:29:46] EDIT OpenStudio_web/views/default/trialclasses.html: 0
[2013-06-18 13:30:17] CREATE default/classpasses.html: 0
[2013-06-18 13:30:39] EDIT OpenStudio_web/views/default/classpasses.html: 7
[2013-06-18 13:37:58] EDIT OpenStudio_web/views/default/index.html: 0
[2013-06-19 11:53:28] CREATE default/overdue_payments.html: 0
[2013-06-19 11:57:16] EDIT OpenStudio_web/views/default/overdue_payments.html: 11
[2013-06-19 11:57:29] EDIT OpenStudio_web/views/default/memberships.html: -2
[2013-06-19 11:57:47] EDIT OpenStudio_web/views/default/memberships.html: 0
[2013-06-19 11:58:13] EDIT OpenStudio_web/views/default/memberships.html: 2
[2013-06-19 11:58:16] EDIT OpenStudio_web/views/default/overdue_payments.html: -2
[2013-06-19 11:58:27] EDIT OpenStudio_web/views/default/overdue_payments.html: 0
[2013-06-19 12:04:15] EDIT OpenStudio_web/views/default/overdue_payments.html: 0
[2013-06-19 12:05:28] EDIT OpenStudio_web/views/default/overdue_payments.html: 0
[2013-06-19 12:06:00] EDIT OpenStudio_web/views/default/overdue_payments.html: 0
[2013-06-19 12:17:03] EDIT OpenStudio_web/views/default/overdue_payments.html: 4
[2013-06-19 12:18:19] EDIT OpenStudio_web/views/default/overdue_payments.html: 0
[2013-06-19 12:19:17] EDIT OpenStudio_web/views/default/overdue_payments.html: -4
[2013-06-19 12:19:27] EDIT OpenStudio_web/views/default/overdue_payments.html: 0
[2013-06-19 12:19:58] EDIT OpenStudio_web/views/default/overdue_payments.html: 0
[2013-06-19 12:20:29] EDIT OpenStudio_web/views/default/overdue_payments.html: 0
[2013-06-19 13:31:07] CREATE default/alternative_payments.html: 0
[2013-06-19 13:31:43] EDIT OpenStudio_web/views/default/alternative_payments.html: 7
[2013-06-19 13:31:54] EDIT OpenStudio_web/views/default/alternative_payments.html: 2
[2013-06-19 13:32:11] EDIT OpenStudio_web/views/default/alternative_payments.html: 0
[2013-06-19 13:32:41] EDIT OpenStudio_web/views/default/alternative_payments.html: 0
[2013-06-19 13:33:36] EDIT OpenStudio_web/views/default/overdue_payments.html: 1
[2013-06-20 18:41:52] EDIT OpenStudio_web/views/customers/list.html: -1
[2013-06-20 18:56:38] EDIT OpenStudio_web/views/customers/list.html: 27
[2013-06-20 18:58:58] EDIT OpenStudio_web/views/customers/list.html: -27
[2013-06-20 22:58:01] EDIT OpenStudio_web/views/customers/list.html: 0
[2013-06-21 11:39:47] CREATE customers/edit.html: 0
[2013-06-21 11:40:20] EDIT OpenStudio_web/views/customers/edit.html: 5
[2013-06-21 12:15:57] EDIT OpenStudio_web/views/customers/edit.html: 1
[2013-06-21 12:28:43] EDIT OpenStudio_web/views/customers/edit.html: 0
[2013-06-21 12:29:09] EDIT OpenStudio_web/views/customers/edit.html: 0
[2013-06-21 12:29:43] EDIT OpenStudio_web/views/customers/edit.html: 0
[2013-06-21 12:30:21] EDIT OpenStudio_web/views/customers/edit.html: 0
[2013-06-21 12:31:43] EDIT OpenStudio_web/views/customers/edit.html: -6
[2013-06-21 12:32:17] EDIT OpenStudio_web/views/customers/edit.html: 6
[2013-06-21 12:34:45] EDIT OpenStudio_web/views/customers/list.html: 0
[2013-06-21 12:35:49] EDIT OpenStudio_web/views/customers/edit.html: 0
[2013-06-21 12:36:23] EDIT OpenStudio_web/views/customers/edit.html: 0
[2013-06-21 12:53:09] EDIT OpenStudio_web/views/customers/list.html: 25
[2013-06-21 12:53:29] EDIT OpenStudio_web/views/customers/list.html: -25
[2013-06-21 14:09:44] EDIT OpenStudio_web/views/default/index.html: 0
[2013-06-21 14:10:22] EDIT OpenStudio_web/views/default/index.html: 0
[2013-06-21 14:11:04] EDIT OpenStudio_web/views/default/trialclasses.html: 0
[2013-06-21 14:11:12] EDIT OpenStudio_web/views/default/alternative_payments.html: 0
[2013-06-21 14:11:27] EDIT OpenStudio_web/views/default/classpasses.html: 0
[2013-06-21 14:11:39] EDIT OpenStudio_web/views/default/memberships.html: 0
[2013-06-21 14:11:44] EDIT OpenStudio_web/views/default/overdue_payments.html: 0
[2013-06-21 14:11:50] EDIT OpenStudio_web/views/default/trialclasses.html: 0
[2013-06-21 14:12:06] EDIT OpenStudio_web/views/default/classpasses.html: 0
[2013-06-21 14:31:40] EDIT OpenStudio_web/views/teachers/edit_classtypes.html: -1
[2013-06-21 14:36:27] CREATE teachers/edit.html: 0
[2013-06-21 14:37:14] EDIT OpenStudio_web/views/teachers/edit.html: 2
[2013-06-21 15:00:30] EDIT OpenStudio_web/views/customers/list.html: -1
[2013-06-21 15:00:36] EDIT OpenStudio_web/views/customers/list.html: 1
[2013-06-21 17:19:33] EDIT OpenStudio_web/views/default/trialclasses.html: -1
[2013-06-21 17:19:37] EDIT OpenStudio_web/views/default/classpasses.html: -1
[2013-06-22 10:43:00] EDIT OpenStudio_web/views/classes/schedule.html: 1
[2013-06-22 11:11:12] EDIT OpenStudio_web/views/classes/schedule.html: 1
[2013-06-22 11:11:34] EDIT OpenStudio_web/views/classes/schedule.html: 0
[2013-06-22 11:11:45] EDIT OpenStudio_web/views/classes/schedule.html: -1
[2013-06-22 14:15:46] EDIT OpenStudio_web/views/customers/list.html: 0
[2013-06-22 14:15:56] EDIT OpenStudio_web/views/customers/list.html: 0
[2013-06-22 14:16:09] EDIT OpenStudio_web/views/customers/list.html: 0
[2013-06-22 14:16:35] EDIT OpenStudio_web/views/customers/list.html: 0
[2013-06-22 14:33:24] EDIT OpenStudio_web/views/customers/list.html: 0
[2013-06-22 15:27:22] EDIT OpenStudio_web/views/customers/list.html: 0
[2013-06-23 08:30:11] EDIT OpenStudio_web/views/classes/class_details.html: 1
[2013-06-23 08:34:07] CREATE classes/attendance_override.html: 0
[2013-06-23 08:34:11] EDIT OpenStudio_web/views/classes/attendance_override.html: -1
[2013-06-23 08:42:31] EDIT OpenStudio_web/views/classes/attendance_override.html: 1
[2013-06-23 08:51:49] EDIT OpenStudio_web/views/classes/attendance_override.html: 1
[2013-06-23 08:52:39] EDIT OpenStudio_web/views/classes/attendance_override.html: 0
[2013-06-23 08:52:51] EDIT OpenStudio_web/views/classes/attendance_override.html: 0
[2013-06-23 08:52:52] EDIT OpenStudio_web/views/classes/attendance_override.html: 0
[2013-06-23 08:58:23] EDIT OpenStudio_web/views/classes/attendance_override.html: 0
[2013-06-23 08:59:36] EDIT OpenStudio_web/views/classes/attendance_override.html: 1
[2013-06-23 09:31:40] EDIT OpenStudio_web/views/stats/stats_attendance_chart.html: -2
[2013-06-23 09:37:42] EDIT OpenStudio_web/views/stats/stats_discovery.html: -2
[2013-06-23 09:39:22] EDIT OpenStudio_web/views/stats/stats_attendance_average_year.html: -1
[2013-06-23 09:41:45] EDIT OpenStudio_web/views/stats/stats_attendance_day_year.html: -1
[2013-06-23 09:42:14] EDIT OpenStudio_web/views/stats/stats_attendance_time_year.html: -1
[2013-06-23 09:42:51] EDIT OpenStudio_web/views/stats/stats_revenue.html: -1
[2013-06-23 09:43:09] EDIT OpenStudio_web/views/stats/stats_revenue.html: -1
[2013-06-24 09:57:06] EDIT OpenStudio_web/views/customers/list.html: 0
[2013-06-24 10:03:35] EDIT OpenStudio_web/views/customers/list.html: 0
[2013-06-24 11:00:41] CREATE preferences/clieop.html: 0
[2013-06-24 11:00:56] EDIT OpenStudio_web/views/preferences/clieop.html: -1
[2013-06-24 17:46:15] EDIT OpenStudio_web/views/customers/list.html: 0
[2013-06-24 17:46:16] EDIT OpenStudio_web/views/customers/list.html: 0
[2013-06-25 17:27:33] EDIT OpenStudio_web/views/customers/list.html: 0
[2013-06-27 12:11:15] EDIT OpenStudio_web/views/default/alternative_payments.html: 0
[2013-06-27 12:48:37] EDIT OpenStudio_web/views/default/alternative_payments.html: 19
[2013-06-27 12:49:10] EDIT OpenStudio_web/views/default/alternative_payments.html: 0
[2013-06-27 12:49:38] EDIT OpenStudio_web/views/default/alternative_payments.html: -3
[2013-06-27 12:49:46] EDIT OpenStudio_web/views/default/alternative_payments.html: 0
[2013-06-27 12:49:48] EDIT OpenStudio_web/views/default/alternative_payments.html: 0
[2013-06-27 12:49:57] EDIT OpenStudio_web/views/default/alternative_payments.html: 0
[2013-06-27 12:50:39] EDIT OpenStudio_web/views/default/alternative_payments.html: 0
[2013-06-27 12:50:41] EDIT OpenStudio_web/views/default/alternative_payments.html: 0
[2013-06-27 12:53:05] EDIT OpenStudio_web/views/default/alternative_payments.html: 0
[2013-06-27 12:53:23] EDIT OpenStudio_web/views/default/alternative_payments.html: 0
[2013-06-27 12:53:31] EDIT OpenStudio_web/views/default/alternative_payments.html: 0
[2013-06-27 12:53:59] EDIT OpenStudio_web/views/default/alternative_payments.html: 0
[2013-06-27 12:54:09] EDIT OpenStudio_web/views/default/alternative_payments.html: 0
[2013-06-27 12:54:17] EDIT OpenStudio_web/views/default/alternative_payments.html: 0
[2013-06-27 12:54:23] EDIT OpenStudio_web/views/default/alternative_payments.html: 0
[2013-06-27 12:55:18] EDIT OpenStudio_web/views/default/alternative_payments.html: 0
[2013-06-27 12:55:49] EDIT OpenStudio_web/views/default/alternative_payments.html: 0
[2013-06-27 12:56:24] EDIT OpenStudio_web/views/default/alternative_payments.html: 0
[2013-06-27 12:58:21] EDIT OpenStudio_web/views/default/alternative_payments.html: 1
[2013-06-27 12:58:51] EDIT OpenStudio_web/views/default/alternative_payments.html: 0
[2013-06-27 12:58:54] EDIT OpenStudio_web/views/default/alternative_payments.html: 0
[2013-06-27 12:59:19] EDIT OpenStudio_web/views/default/alternative_payments.html: 0
[2013-06-27 12:59:26] EDIT OpenStudio_web/views/default/alternative_payments.html: 0
[2013-06-27 12:59:31] EDIT OpenStudio_web/views/default/alternative_payments.html: 0
[2013-06-27 12:59:38] EDIT OpenStudio_web/views/default/alternative_payments.html: 0
[2013-06-27 12:59:39] EDIT OpenStudio_web/views/default/alternative_payments.html: 0
[2013-06-27 12:59:48] EDIT OpenStudio_web/views/default/alternative_payments.html: 0
[2013-06-27 12:59:59] EDIT OpenStudio_web/views/default/alternative_payments.html: 0
[2013-06-27 13:00:30] EDIT OpenStudio_web/views/default/alternative_payments.html: 3
[2013-06-27 13:00:49] EDIT OpenStudio_web/views/default/alternative_payments.html: -4
[2013-06-27 13:01:05] EDIT OpenStudio_web/views/default/alternative_payments.html: 1
[2013-06-27 13:01:10] EDIT OpenStudio_web/views/default/alternative_payments.html: 1
[2013-06-27 13:01:23] EDIT OpenStudio_web/views/default/alternative_payments.html: 0
[2013-06-27 13:01:46] EDIT OpenStudio_web/views/default/alternative_payments.html: 2
[2013-06-27 13:02:02] EDIT OpenStudio_web/views/default/alternative_payments.html: -1
[2013-06-27 13:02:12] EDIT OpenStudio_web/views/default/alternative_payments.html: -2
[2013-06-27 13:02:13] EDIT OpenStudio_web/views/default/alternative_payments.html: 0
[2013-06-27 13:02:20] EDIT OpenStudio_web/views/default/alternative_payments.html: 0
[2013-06-27 13:02:46] EDIT OpenStudio_web/views/default/alternative_payments.html: -1
[2013-06-27 13:04:00] EDIT OpenStudio_web/views/default/alternative_payments.html: 0
[2013-06-27 13:04:26] EDIT OpenStudio_web/views/default/alternative_payments.html: 0
[2013-06-27 13:05:01] EDIT OpenStudio_web/views/default/alternative_payments.html: 0
[2013-06-27 13:17:55] EDIT OpenStudio_web/views/default/alternative_payments.html: -15
[2013-06-27 13:21:12] EDIT OpenStudio_web/views/default/overdue_payments.html: 1
[2013-06-27 13:21:18] EDIT OpenStudio_web/views/default/overdue_payments.html: 0
[2013-06-27 13:21:31] EDIT OpenStudio_web/views/default/overdue_payments.html: 0
[2013-06-27 13:21:34] EDIT OpenStudio_web/views/default/overdue_payments.html: 0
[2013-06-27 13:23:54] EDIT OpenStudio_web/views/default/overdue_payments.html: 0
[2013-06-27 13:24:08] EDIT OpenStudio_web/views/default/overdue_payments.html: 0
[2013-06-28 11:52:21] EDIT OpenStudio_web/views/default/alternative_payments.html: 3
[2013-06-28 11:52:43] EDIT OpenStudio_web/views/default/alternative_payments.html: 1
[2013-06-28 11:52:52] EDIT OpenStudio_web/views/default/alternative_payments.html: 0
[2013-06-28 11:53:55] EDIT OpenStudio_web/views/default/alternative_payments.html: -1
[2013-06-28 11:54:20] EDIT OpenStudio_web/views/default/alternative_payments.html: 0
[2013-06-28 11:54:56] EDIT OpenStudio_web/views/default/alternative_payments.html: -1
[2013-06-28 11:55:00] EDIT OpenStudio_web/views/default/alternative_payments.html: 1
[2013-06-28 11:55:17] EDIT OpenStudio_web/views/default/alternative_payments.html: 1
[2013-06-28 11:55:25] EDIT OpenStudio_web/views/default/alternative_payments.html: 0
[2013-06-28 11:55:36] EDIT OpenStudio_web/views/default/alternative_payments.html: 0
[2013-06-28 11:55:56] EDIT OpenStudio_web/views/default/alternative_payments.html: 0
[2013-06-28 11:56:21] EDIT OpenStudio_web/views/default/alternative_payments.html: 0
[2013-06-28 11:56:27] EDIT OpenStudio_web/views/default/alternative_payments.html: 0
[2013-06-28 11:56:50] EDIT OpenStudio_web/views/default/alternative_payments.html: 0
[2013-06-28 11:57:03] EDIT OpenStudio_web/views/default/alternative_payments.html: 0
[2013-06-28 11:57:10] EDIT OpenStudio_web/views/default/alternative_payments.html: 1
[2013-06-28 11:57:16] EDIT OpenStudio_web/views/default/alternative_payments.html: 0
[2013-06-28 11:57:28] EDIT OpenStudio_web/views/default/alternative_payments.html: 0
[2013-06-28 11:57:41] EDIT OpenStudio_web/views/default/alternative_payments.html: 0
[2013-06-28 11:57:50] EDIT OpenStudio_web/views/default/alternative_payments.html: 0
[2013-06-28 11:58:40] EDIT OpenStudio_web/views/default/alternative_payments.html: 0
[2013-06-28 12:02:18] EDIT OpenStudio_web/views/default/alternative_payments.html: 0
[2013-06-28 12:02:27] EDIT OpenStudio_web/views/default/alternative_payments.html: -5
[2013-06-28 12:02:31] EDIT OpenStudio_web/views/default/alternative_payments.html: -1
[2013-06-28 12:08:32] EDIT OpenStudio_web/views/default/classpasses.html: -3
[2013-06-28 12:08:36] EDIT OpenStudio_web/views/default/memberships.html: -3
[2013-06-28 12:08:39] EDIT OpenStudio_web/views/default/overdue_payments.html: -2
[2013-06-28 12:08:43] EDIT OpenStudio_web/views/default/trialclasses.html: -3
[2013-06-28 12:09:01] EDIT OpenStudio_web/views/default/overdue_payments.html: -4
[2013-06-28 12:09:50] EDIT OpenStudio_web/views/default/overdue_payments.html: 3
[2013-06-28 12:09:56] EDIT OpenStudio_web/views/default/overdue_payments.html: 0
[2013-06-28 12:10:07] EDIT OpenStudio_web/views/default/overdue_payments.html: -1
[2013-06-28 12:10:29] EDIT OpenStudio_web/views/default/overdue_payments.html: 1
[2013-06-28 12:10:39] EDIT OpenStudio_web/views/default/overdue_payments.html: 0
[2013-06-29 10:25:58] EDIT OpenStudio_web/views/customers/edit.html: -3
[2013-06-29 10:31:45] EDIT OpenStudio_web/views/customers/edit.html: 1
[2013-06-29 10:46:14] EDIT OpenStudio_web/views/customers/edit.html: 2
[2013-06-29 10:46:37] EDIT OpenStudio_web/views/customers/edit.html: 5
[2013-06-29 10:53:30] EDIT OpenStudio_web/views/customers/edit.html: 3
[2013-06-29 10:53:39] EDIT OpenStudio_web/views/customers/edit.html: -1
[2013-06-29 10:53:47] EDIT OpenStudio_web/views/customers/edit.html: 0
[2013-06-29 10:53:58] EDIT OpenStudio_web/views/customers/edit.html: 0
[2013-06-29 10:54:04] EDIT OpenStudio_web/views/customers/edit.html: 0
[2013-06-29 10:54:28] EDIT OpenStudio_web/views/customers/edit.html: 0
[2013-06-29 10:55:49] EDIT OpenStudio_web/views/customers/edit.html: 0
[2013-06-29 10:57:14] EDIT OpenStudio_web/views/customers/edit.html: 0
[2013-06-29 10:59:11] EDIT OpenStudio_web/views/customers/edit.html: 0
[2013-06-29 10:59:15] EDIT OpenStudio_web/views/customers/edit.html: 0
[2013-06-29 10:59:28] EDIT OpenStudio_web/views/customers/edit.html: 0
[2013-06-29 10:59:37] EDIT OpenStudio_web/views/customers/edit.html: 0
[2013-06-29 10:59:43] EDIT OpenStudio_web/views/customers/edit.html: 0
[2013-06-29 10:59:49] EDIT OpenStudio_web/views/customers/edit.html: 0
[2013-06-29 11:00:18] EDIT OpenStudio_web/views/customers/edit.html: 0
[2013-06-29 11:03:44] EDIT OpenStudio_web/views/customers/edit.html: 0
[2013-06-29 11:07:19] EDIT OpenStudio_web/views/customers/edit.html: 5
[2013-06-29 11:08:00] EDIT OpenStudio_web/views/customers/edit.html: -14
[2013-06-29 12:01:59] EDIT OpenStudio_web/views/teachers/edit_classtypes.html: 1
[2013-06-29 14:26:39] CREATE school_properties/general.html: 0
[2013-06-29 14:29:33] EDIT OpenStudio_web/views/school_properties/general.html: -1
[2013-06-29 14:29:50] EDIT OpenStudio_web/views/school_properties/general.html: 2
[2013-06-30 16:06:29] EDIT OpenStudio_web/views/school_properties/general.html: 0
[2013-06-30 16:06:43] EDIT OpenStudio_web/views/school_properties/general.html: 1
[2013-07-07 16:44:14] EDIT OpenStudio_web/views/preferences/general.html: 2
[2013-07-07 16:46:09] EDIT OpenStudio_web/views/preferences/general.html: 1
[2013-07-07 16:46:24] EDIT OpenStudio_web/views/preferences/general.html: 0
[2013-07-07 16:48:49] EDIT OpenStudio_web/views/preferences/general.html: -3
[2013-07-07 16:50:21] EDIT OpenStudio_web/views/preferences/general.html: -2
[2013-07-12 11:44:09] EDIT OpenStudio_web/views/default/index.html: 0
[2013-07-12 12:00:28] EDIT OpenStudio_web/views/default/notifications.html: 1
[2013-07-12 12:00:43] EDIT OpenStudio_web/views/default/notifications.html: 0
[2013-07-15 11:07:10] EDIT OpenStudio_web/views/stats/list_classes.html: 0
[2013-07-15 11:07:21] EDIT OpenStudio_web/views/stats/list_classes.html: 0
[2013-07-15 11:07:55] EDIT OpenStudio_web/views/stats/list_classes.html: -1
[2013-07-15 11:08:52] EDIT OpenStudio_web/views/stats/list_classes.html: 0
[2013-07-15 11:09:11] EDIT OpenStudio_web/views/stats/list_classes.html: 1
[2013-07-15 11:09:23] EDIT OpenStudio_web/views/stats/list_classes.html: 0
[2013-07-15 11:10:18] EDIT OpenStudio_web/views/stats/list_classes.html: 2
[2013-07-15 11:10:57] EDIT OpenStudio_web/views/stats/list_classes.html: 0
[2013-07-15 11:11:02] EDIT OpenStudio_web/views/stats/list_classes.html: 0
[2013-07-15 11:11:12] EDIT OpenStudio_web/views/stats/list_classes.html: 0
[2013-07-15 11:11:38] EDIT OpenStudio_web/views/stats/list_classes.html: 0
[2013-07-15 11:11:41] EDIT OpenStudio_web/views/stats/list_classes.html: 0
[2013-07-15 11:12:02] EDIT OpenStudio_web/views/stats/list_classes.html: 0
[2013-07-15 11:12:05] EDIT OpenStudio_web/views/stats/list_classes.html: 0
[2013-07-15 11:12:23] EDIT OpenStudio_web/views/stats/list_classes.html: -2
[2013-07-19 11:10:24] EDIT OpenStudio_web/views/teachers/edit.html: 1
[2013-07-19 11:10:59] EDIT OpenStudio_web/views/teachers/edit.html: 0
[2013-08-14 11:32:29] DELETE OpenStudio/views/school_properties/index.html: -2
[2013-08-16 23:25:07] EDIT OpenStudio/views/default/notifications.html: 1
[2013-12-07 09:53:30] CREATE customers/classes_edit.html: 0
[2013-12-07 09:53:52] DELETE OpenStudio/views/customers/classes_edit.html: -3
[2013-12-10 08:09:42] EDIT OpenStudio/models/db.py: 0
[2013-12-10 08:10:30] EDIT OpenStudio/models/db.py: 0
[2013-12-10 08:13:31] EDIT OpenStudio/models/db.py: 0
[2013-12-10 08:49:32] EDIT OpenStudio/models/db.py: 0
[2014-01-24 09:40:08] EDIT OpenStudio/models/db.py: 0
[2014-01-24 10:12:53] EDIT OpenStudio/models/db.py: 0
[2014-01-27 10:26:53] EDIT OpenStudio/models/db.py: 0
[2014-01-27 10:28:03] EDIT OpenStudio/models/db.py: 0
[2014-01-27 10:57:05] EDIT OpenStudio/models/db.py: 0
[2014-01-27 10:57:51] EDIT OpenStudio/models/db.py: 0
[2014-01-28 16:01:04] EDIT OpenStudio/models/db.py: 0
